<?xml version="1.0" encoding="UTF-8"?>
<!-- Generated by org.testng.reporters.JUnitReportReporter -->
<testsuite hostname="MCSW58ZLPC0449" failures="0" tests="1" name="testscripts.AddingTheProductOfHomeFurnishing" time="68.713" errors="0" timestamp="2025-02-04T21:10:32 IST" skipped="0">
  <testcase classname="testscripts.AddingTheProductOfHomeFurnishing" name="addingProduct" time="68.713"/>
  <system-out>
    <![CDATA[null]]>
  </system-out>
</testsuite> <!-- testscripts.AddingTheProductOfHomeFurnishing -->
