<?xml version="1.0" encoding="UTF-8"?>
<!-- Generated by org.testng.reporters.JUnitReportReporter -->
<testsuite hostname="MCSW58ZLPC0449" failures="0" tests="1" name="testscripts.AddingTheProductWomenHoodedJackets" time="66.240" errors="0" timestamp="2025-02-02T20:57:28 IST" skipped="0">
  <testcase classname="testscripts.AddingTheProductWomenHoodedJackets" name="hoodedJackets" time="66.240"/>
  <system-out/>
</testsuite> <!-- testscripts.AddingTheProductWomenHoodedJackets -->
