<?xml version="1.0" encoding="UTF-8"?>
<!-- Generated by org.testng.reporters.JUnitReportReporter -->
<testsuite hostname="MCSW58ZLPC0449" failures="0" tests="1" name="testscripts.AddingTheProductToList" time="184.133" errors="0" timestamp="2025-01-31T16:05:44 IST" skipped="0">
  <testcase classname="testscripts.AddingTheProductToList" name="handTowel" time="184.133"/>
  <system-out/>
</testsuite> <!-- testscripts.AddingTheProductToList -->
