<?xml version="1.0" encoding="UTF-8"?>
<!-- Generated by org.testng.reporters.JUnitReportReporter -->
<testsuite hostname="MCSW58ZLPC0449" failures="0" tests="1" name="testscripts.DeletingAddressPage" time="56.631" errors="0" timestamp="2025-02-02T20:57:28 IST" skipped="0">
  <testcase classname="testscripts.DeletingAddressPage" name="deletingAddress" time="56.631"/>
  <system-out/>
</testsuite> <!-- testscripts.DeletingAddressPage -->
