<?xml version="1.0" encoding="UTF-8"?>
<!-- Generated by org.testng.reporters.JUnitReportReporter -->
<testsuite hostname="MCSW58ZLPC0449" failures="0" tests="1" name="testscripts.AddingTheProductOfHandTowel" time="40.785" errors="0" timestamp="2025-02-04T21:10:32 IST" skipped="0">
  <testcase classname="testscripts.AddingTheProductOfHandTowel" name="handTowel" time="40.785"/>
  <system-out/>
</testsuite> <!-- testscripts.AddingTheProductOfHandTowel -->
