<?xml version="1.0" encoding="UTF-8"?>
<!-- Generated by org.testng.reporters.JUnitReportReporter -->
<testsuite hostname="MCSW58ZLPC0449" failures="0" tests="1" name="testscripts.AddingTheProductToCartTestCase_09" time="43.269" errors="0" timestamp="2025-02-03T18:12:30 IST" skipped="0">
  <testcase classname="testscripts.AddingTheProductToCartTestCase_09" name="addToCart" time="43.269"/>
  <system-out/>
</testsuite> <!-- testscripts.AddingTheProductToCartTestCase_09 -->
